#
# There is insufficient memory for the Java Runtime Environment to continue.
# Native memory allocation (mmap) failed to map 266338304 bytes for G1 virtual space
# Possible reasons:
#   The system is out of physical RAM or swap space
#   The process is running with CompressedOops enabled, and the Java Heap may be blocking the growth of the native heap
# Possible solutions:
#   Reduce memory load on the system
#   Increase physical memory or swap space
#   Check if swap backing store is full
#   Decrease Java heap size (-Xmx/-Xms)
#   Decrease number of Java threads
#   Decrease Java thread stack sizes (-Xss)
#   Set larger code cache with -XX:ReservedCodeCacheSize=
#   JVM is running with Zero Based Compressed Oops mode in which the Java heap is
#     placed in the first 32GB address space. The Java Heap base address is the
#     maximum limit for the native heap growth. Please use -XX:HeapBaseMinAddress
#     to set the Java Heap base and to place the Java Heap above 32GB virtual address.
# This output file may be truncated or incomplete.
#
#  Out of Memory Error (./open/src/hotspot/os/windows/os_windows.cpp:3472), pid=3568, tid=17488
#
# JRE version:  (15.0.1+9) (build )
# Java VM: OpenJDK 64-Bit Server VM (15.0.1+9-18, mixed mode, sharing, tiered, compressed oops, g1 gc, windows-amd64)
# No core dump will be written. Minidumps are not enabled by default on client versions of Windows
#

---------------  S U M M A R Y ------------

Command Line: -Dfile.encoding=Cp1252 -XX:+ShowCodeDetailsInExceptionMessages dev.BloodyKit.TileGame.Launcher

Host: Intel(R) Core(TM) i7-8705G CPU @ 3.10GHz, 8 cores, 15G,  Windows 10 , 64 bit Build 18362 (10.0.18362.1500)
Time: Thu May 20 15:32:43 2021 Eastern Daylight Time elapsed time: 0.019952 seconds (0d 0h 0m 0s)

---------------  T H R E A D  ---------------

Current thread (0x0000021e4e0b11d0):  JavaThread "Unknown thread" [_thread_in_vm, id=17488, stack(0x000000e90a700000,0x000000e90a800000)]

Stack: [0x000000e90a700000,0x000000e90a800000]
Native frames: (J=compiled Java code, j=interpreted, Vv=VM code, C=native code)
V  [jvm.dll+0x62ae9a]
V  [jvm.dll+0x781389]
V  [jvm.dll+0x782ae3]
V  [jvm.dll+0x783143]
V  [jvm.dll+0x216265]
V  [jvm.dll+0x6281d9]
V  [jvm.dll+0x61cd15]
V  [jvm.dll+0x2d01fd]
V  [jvm.dll+0x2d0062]
V  [jvm.dll+0x2d603c]
V  [jvm.dll+0x325b2a]
V  [jvm.dll+0x3251f4]
V  [jvm.dll+0x2a717a]
V  [jvm.dll+0x2a8318]
V  [jvm.dll+0x75e101]
V  [jvm.dll+0x3343e4]
V  [jvm.dll+0x73e826]
V  [jvm.dll+0x3b7777]
V  [jvm.dll+0x3b9201]
C  [jli.dll+0x52fb]
C  [ucrtbase.dll+0x210b2]
C  [KERNEL32.DLL+0x17c24]
C  [ntdll.dll+0x6d721]


---------------  P R O C E S S  ---------------

Threads class SMR info:
_java_thread_list=0x00007ffbcf9f4ff0, length=0, elements={
}

Java Threads: ( => current thread )

Other Threads:
  0x0000021e4e103900 GCTaskThread "GC Thread#0" [stack: 0x000000e90a800000,0x000000e90a900000] [id=4876]
  0x0000021e4e116010 ConcurrentGCThread "G1 Main Marker" [stack: 0x000000e90a900000,0x000000e90aa00000] [id=29868]
  0x0000021e4e117c10 ConcurrentGCThread "G1 Conc#0" [stack: 0x000000e90aa00000,0x000000e90ab00000] [id=14180]

[error occurred during error reporting (printing all threads), id 0xc0000005, EXCEPTION_ACCESS_VIOLATION (0xc0000005) at pc=0x00007ffbcf1e8047]

VM state: not at safepoint (not fully initialized)

VM Mutex/Monitor currently owned by a thread:  ([mutex/lock_event])
[0x0000021e4e0adf50] Heap_lock - owner thread: 0x0000021e4e0b11d0

Heap address: 0x0000000702e00000, size: 4050 MB, Compressed Oops mode: Zero based, Oop shift amount: 3
CDS archive(s) mapped at: [0x0000000000000000-0x0000000000000000-0x0000000000000000), size 0, SharedBaseAddress: 0x0000000800000000, ArchiveRelocationMode: 0.
Narrow klass base: 0x0000000000000000, Narrow klass shift: 0, Narrow klass range: 0x0

Heap:
 garbage-first heap   total 260096K, used 0K [0x0000000702e00000, 0x0000000800000000)
  region size 2048K, 0 young (0K), 0 survivors (0K)
 Metaspace       used 0K, capacity 0K, committed 0K, reserved 0K
  class space    used 0K, capacity 0K, committed 0K, reserved 0K

Heap Regions: E=young(eden), S=young(survivor), O=old, HS=humongous(starts), HC=humongous(continues), CS=collection set, F=free, OA=open archive, CA=closed archive, TAMS=top-at-mark-start (previous, next)

Card table byte_map: [0x0000021e615e0000,0x0000021e61dd0000] _byte_map_base: 0x0000021e5ddc9000

Marking Bits (Prev, Next): (CMBitMap*) 0x0000021e4e104170, (CMBitMap*) 0x0000021e4e1041b0
 Prev Bits: [0x0000021e625c0000, 0x0000021e66508000)
 Next Bits: [0x0000021e66510000, 0x0000021e6a458000)

GC Heap History (0 events):
No events

Deoptimization events (0 events):
No events

Classes unloaded (0 events):
No events

Classes redefined (0 events):
No events

Internal exceptions (0 events):
No events

Events (1 events):
Event: 0.011 Loaded shared library C:\Users\Micha\.p2\pool\plugins\org.eclipse.justj.openjdk.hotspot.jre.full.win32.x86_64_15.0.1.v20201027-0507\jre\bin\java.dll


Dynamic libraries:
0x00007ff6ab580000 - 0x00007ff6ab58d000 	C:\Users\Micha\.p2\pool\plugins\org.eclipse.justj.openjdk.hotspot.jre.full.win32.x86_64_15.0.1.v20201027-0507\jre\bin\javaw.exe
0x00007ffc02b20000 - 0x00007ffc02d10000 	C:\Windows\SYSTEM32\ntdll.dll
0x00007ffc00e70000 - 0x00007ffc00f22000 	C:\Windows\System32\KERNEL32.DLL
0x00007ffbffa90000 - 0x00007ffbffd35000 	C:\Windows\System32\KERNELBASE.dll
0x00007ffbffd40000 - 0x00007ffbffe3a000 	C:\Windows\System32\ucrtbase.dll
0x00007ffbeb2d0000 - 0x00007ffbeb2e9000 	C:\Users\Micha\.p2\pool\plugins\org.eclipse.justj.openjdk.hotspot.jre.full.win32.x86_64_15.0.1.v20201027-0507\jre\bin\VCRUNTIME140.dll
0x00007ffbeb3d0000 - 0x00007ffbeb3e8000 	C:\Users\Micha\.p2\pool\plugins\org.eclipse.justj.openjdk.hotspot.jre.full.win32.x86_64_15.0.1.v20201027-0507\jre\bin\jli.dll
0x00007ffc017c0000 - 0x00007ffc01954000 	C:\Windows\System32\USER32.dll
0x00007ffbe3820000 - 0x00007ffbe3aa4000 	C:\Windows\WinSxS\amd64_microsoft.windows.common-controls_6595b64144ccf1df_6.0.18362.1500_none_9e79be6de462295c\COMCTL32.dll
0x00007ffc02990000 - 0x00007ffc02a2e000 	C:\Windows\System32\msvcrt.dll
0x00007ffc00290000 - 0x00007ffc002b1000 	C:\Windows\System32\win32u.dll
0x00007ffc02630000 - 0x00007ffc02966000 	C:\Windows\System32\combase.dll
0x00007ffc020e0000 - 0x00007ffc02106000 	C:\Windows\System32\GDI32.dll
0x00007ffc02110000 - 0x00007ffc0222f000 	C:\Windows\System32\RPCRT4.dll
0x00007ffbffe40000 - 0x00007ffbfffd8000 	C:\Windows\System32\gdi32full.dll
0x00007ffc00ae0000 - 0x00007ffc00b61000 	C:\Windows\System32\bcryptPrimitives.dll
0x00007ffc002c0000 - 0x00007ffc0035e000 	C:\Windows\System32\msvcp_win.dll
0x00007ffc00bd0000 - 0x00007ffc00bfe000 	C:\Windows\System32\IMM32.DLL
0x00007ffbfe200000 - 0x00007ffbfe20c000 	C:\Users\Micha\.p2\pool\plugins\org.eclipse.justj.openjdk.hotspot.jre.full.win32.x86_64_15.0.1.v20201027-0507\jre\bin\vcruntime140_1.dll
0x00007ffbcc830000 - 0x00007ffbcc8c1000 	C:\Users\Micha\.p2\pool\plugins\org.eclipse.justj.openjdk.hotspot.jre.full.win32.x86_64_15.0.1.v20201027-0507\jre\bin\msvcp140.dll
0x00007ffbcef30000 - 0x00007ffbcfa8e000 	C:\Users\Micha\.p2\pool\plugins\org.eclipse.justj.openjdk.hotspot.jre.full.win32.x86_64_15.0.1.v20201027-0507\jre\bin\server\jvm.dll
0x00007ffc02a30000 - 0x00007ffc02ad3000 	C:\Windows\System32\ADVAPI32.dll
0x00007ffc02460000 - 0x00007ffc024f7000 	C:\Windows\System32\sechost.dll
0x00007ffc01960000 - 0x00007ffc01968000 	C:\Windows\System32\PSAPI.DLL
0x00007ffbfdf70000 - 0x00007ffbfdf79000 	C:\Windows\SYSTEM32\WSOCK32.dll
0x00007ffbf6a50000 - 0x00007ffbf6a74000 	C:\Windows\SYSTEM32\WINMM.dll
0x00007ffc01970000 - 0x00007ffc019df000 	C:\Windows\System32\WS2_32.dll
0x00007ffbf9b30000 - 0x00007ffbf9b3a000 	C:\Windows\SYSTEM32\VERSION.dll
0x00007ffbf6a20000 - 0x00007ffbf6a4d000 	C:\Windows\SYSTEM32\winmmbase.dll
0x00007ffc000e0000 - 0x00007ffc0012a000 	C:\Windows\System32\cfgmgr32.dll
0x00007ffbff9e0000 - 0x00007ffbff9f1000 	C:\Windows\System32\kernel.appcore.dll
0x00007ffbfd490000 - 0x00007ffbfd49a000 	C:\Users\Micha\.p2\pool\plugins\org.eclipse.justj.openjdk.hotspot.jre.full.win32.x86_64_15.0.1.v20201027-0507\jre\bin\jimage.dll
0x00007ffbfe2d0000 - 0x00007ffbfe4c4000 	C:\Windows\SYSTEM32\DBGHELP.DLL
0x00007ffbf67c0000 - 0x00007ffbf67ea000 	C:\Windows\SYSTEM32\dbgcore.DLL
0x00007ffbf9450000 - 0x00007ffbf9475000 	C:\Users\Micha\.p2\pool\plugins\org.eclipse.justj.openjdk.hotspot.jre.full.win32.x86_64_15.0.1.v20201027-0507\jre\bin\java.dll

dbghelp: loaded successfully - version: 4.0.5 - missing functions: none
symbol engine: initialized successfully - sym options: 0x614 - pdb path: .;C:\Users\Micha\.p2\pool\plugins\org.eclipse.justj.openjdk.hotspot.jre.full.win32.x86_64_15.0.1.v20201027-0507\jre\bin;C:\Windows\SYSTEM32;C:\Windows\WinSxS\amd64_microsoft.windows.common-controls_6595b64144ccf1df_6.0.18362.1500_none_9e79be6de462295c;C:\Users\Micha\.p2\pool\plugins\org.eclipse.justj.openjdk.hotspot.jre.full.win32.x86_64_15.0.1.v20201027-0507\jre\bin\server

VM Arguments:
jvm_args: -Dfile.encoding=Cp1252 -XX:+ShowCodeDetailsInExceptionMessages 
java_command: dev.BloodyKit.TileGame.Launcher
java_class_path (initial): C:\Users\Micha\OneDrive\School\College\USC 2020\Spring 2021\CSCE 145\Hello World\TileGame\bin
Launcher Type: SUN_STANDARD

[Global flags]
     intx CICompilerCount                          = 4                                         {product} {ergonomic}
     uint ConcGCThreads                            = 2                                         {product} {ergonomic}
     uint G1ConcRefinementThreads                  = 8                                         {product} {ergonomic}
   size_t G1HeapRegionSize                         = 2097152                                   {product} {ergonomic}
    uintx GCDrainStackTargetSize                   = 64                                        {product} {ergonomic}
   size_t InitialHeapSize                          = 266338304                                 {product} {ergonomic}
   size_t MarkStackSize                            = 4194304                                   {product} {ergonomic}
   size_t MaxHeapSize                              = 4246732800                                {product} {ergonomic}
   size_t MinHeapDeltaBytes                        = 2097152                                   {product} {ergonomic}
   size_t MinHeapSize                              = 8388608                                   {product} {ergonomic}
    uintx NonNMethodCodeHeapSize                   = 5839372                                {pd product} {ergonomic}
    uintx NonProfiledCodeHeapSize                  = 122909434                              {pd product} {ergonomic}
    uintx ProfiledCodeHeapSize                     = 122909434                              {pd product} {ergonomic}
    uintx ReservedCodeCacheSize                    = 251658240                              {pd product} {ergonomic}
     bool SegmentedCodeCache                       = true                                      {product} {ergonomic}
     bool ShowCodeDetailsInExceptionMessages       = true                                   {manageable} {command line}
   size_t SoftMaxHeapSize                          = 4246732800                             {manageable} {ergonomic}
     bool UseCompressedClassPointers               = true                                 {lp64_product} {ergonomic}
     bool UseCompressedOops                        = true                                 {lp64_product} {ergonomic}
     bool UseG1GC                                  = true                                      {product} {ergonomic}
     bool UseLargePagesIndividualAllocation        = false                                  {pd product} {ergonomic}

Logging:
Log output configuration:
 #0: stdout all=warning uptime,level,tags
 #1: stderr all=off uptime,level,tags

Environment Variables:
PATH=C:/Users/Micha/.p2/pool/plugins/org.eclipse.justj.openjdk.hotspot.jre.full.win32.x86_64_15.0.1.v20201027-0507/jre/bin/server;C:/Users/Micha/.p2/pool/plugins/org.eclipse.justj.openjdk.hotspot.jre.full.win32.x86_64_15.0.1.v20201027-0507/jre/bin;C:\Program Files\Oculus\Support\oculus-runtime;C:\Program Files\Common Files\Oracle\Java\javapath;C:\Windows\system32;C:\Windows;C:\Windows\System32\Wbem;C:\Windows\System32\WindowsPowerShell\v1.0\;C:\Windows\System32\OpenSSH\;C:\Program Files (x86)\Intel\Intel(R) Management Engine Components\DAL;C:\Program Files\Intel\Intel(R) Management Engine Components\DAL;C:\Windows\system32;C:\Windows;C:\Windows\System32\Wbem;C:\Windows\System32\WindowsPowerShell\v1.0\;C:\Windows\System32\OpenSSH\;C:\Program Files (x86)\Intel\Intel(R) Management Engine Components\DAL;C:\Program Files\Intel\Intel(R) Management Engine Components\DAL;C:\Users\Micha\AppData\Local\Microsoft\WindowsApps;;C:\Python39\Scripts;C:\Windows\system32;
USERNAME=Micha
OS=Windows_NT
PROCESSOR_IDENTIFIER=Intel64 Family 6 Model 158 Stepping 9, GenuineIntel



---------------  S Y S T E M  ---------------

OS:
 Windows 10 , 64 bit Build 18362 (10.0.18362.1500)
OS uptime: 21 days 18:26 hours

CPU: total 8 (initial active 8) (4 cores per cpu, 2 threads per core) family 6 model 158 stepping 9 microcode 0xde, cmov, cx8, fxsr, mmx, sse, sse2, sse3, ssse3, sse4.1, sse4.2, popcnt, vzeroupper, avx, avx2, aes, clmul, erms, 3dnowpref, lzcnt, ht, tsc, tscinvbit, bmi1, bmi2, adx, fma, clflush, clflushopt

Memory: 4k page, system-wide physical 16195M (2438M free)
TotalPageFile size 36318M (AvailPageFile size 246M)
current process WorkingSet (physical memory assigned to process): 10M, peak: 10M
current process commit charge ("private bytes"): 60M, peak: 314M

vm_info: OpenJDK 64-Bit Server VM (15.0.1+9-18) for windows-amd64 JRE (15.0.1+9-18), built on Sep 15 2020 14:39:31 by "mach5one" with unknown MS VC++:1925

END.
